  [1m[35m (11359.9ms)[0m  [1m[35mCREATE DATABASE "f2akebook_rails_development" ENCODING = 'unicode'[0m
  [1m[35m (4742.3ms)[0m  [1m[35mCREATE DATABASE "f2akebook_rails_test" ENCODING = 'unicode'[0m
  [1m[35m (1744.1ms)[0m  [1m[35mCREATE TABLE "schema_migrations" ("version" character varying NOT NULL PRIMARY KEY)[0m
  [1m[35m (355.8ms)[0m  [1m[35mCREATE TABLE "ar_internal_metadata" ("key" character varying NOT NULL PRIMARY KEY, "value" character varying, "created_at" timestamp(6) NOT NULL, "updated_at" timestamp(6) NOT NULL)[0m
  [1m[35m (0.3ms)[0m  [1m[34mSELECT pg_try_advisory_lock(430107000612646980)[0m
  [1m[35m (0.5ms)[0m  [1m[34mSELECT "schema_migrations"."version" FROM "schema_migrations" ORDER BY "schema_migrations"."version" ASC[0m
Migrating to DeviseCreateUsers (20211014221608)
  [1m[36mTRANSACTION (0.3ms)[0m  [1m[35mBEGIN[0m
  [1m[35m (527.5ms)[0m  [1m[35mCREATE TABLE "users" ("id" bigserial primary key, "email" character varying DEFAULT '' NOT NULL, "encrypted_password" character varying DEFAULT '' NOT NULL, "reset_password_token" character varying, "reset_password_sent_at" timestamp, "remember_created_at" timestamp, "fname" character varying, "lname" character varying, "created_at" timestamp(6) NOT NULL, "updated_at" timestamp(6) NOT NULL)[0m
  [1m[35m (141.6ms)[0m  [1m[35mCREATE UNIQUE INDEX "index_users_on_email" ON "users" ("email")[0m
  [1m[35m (86.0ms)[0m  [1m[35mCREATE UNIQUE INDEX "index_users_on_reset_password_token" ON "users" ("reset_password_token")[0m
  [1m[36mActiveRecord::SchemaMigration Create (72.4ms)[0m  [1m[32mINSERT INTO "schema_migrations" ("version") VALUES ($1) RETURNING "version"[0m  [["version", "20211014221608"]]
  [1m[36mTRANSACTION (70.0ms)[0m  [1m[35mCOMMIT[0m
  [1m[36mActiveRecord::InternalMetadata Load (0.4ms)[0m  [1m[34mSELECT "ar_internal_metadata".* FROM "ar_internal_metadata" WHERE "ar_internal_metadata"."key" = $1 LIMIT $2[0m  [["key", "environment"], ["LIMIT", 1]]
  [1m[36mTRANSACTION (0.2ms)[0m  [1m[35mBEGIN[0m
  [1m[36mActiveRecord::InternalMetadata Create (26.6ms)[0m  [1m[32mINSERT INTO "ar_internal_metadata" ("key", "value", "created_at", "updated_at") VALUES ($1, $2, $3, $4) RETURNING "key"[0m  [["key", "environment"], ["value", "development"], ["created_at", "2021-10-14 22:19:52.534971"], ["updated_at", "2021-10-14 22:19:52.534971"]]
  [1m[36mTRANSACTION (34.3ms)[0m  [1m[35mCOMMIT[0m
  [1m[35m (0.5ms)[0m  [1m[34mSELECT pg_advisory_unlock(430107000612646980)[0m
  [1m[35m (0.8ms)[0m  [1m[34mSELECT "schema_migrations"."version" FROM "schema_migrations" ORDER BY "schema_migrations"."version" ASC[0m
Started GET "/" for ::1 at 2021-10-15 01:38:38 +0300
  [1m[35m (1.4ms)[0m  [1m[34mSELECT "schema_migrations"."version" FROM "schema_migrations" ORDER BY "schema_migrations"."version" ASC[0m
  
NoMethodError (undefined method `devise_controller?' for ApplicationController:Class):
  
app/controllers/application_controller.rb:5:in `<class:ApplicationController>'
app/controllers/application_controller.rb:3:in `<main>'
app/controllers/users_controller.rb:3:in `<main>'
Started GET "/" for ::1 at 2021-10-15 01:43:30 +0300
  
NoMethodError (undefined method `devise_controller?' for ApplicationController:Class):
  
app/controllers/application_controller.rb:5:in `<class:ApplicationController>'
app/controllers/application_controller.rb:3:in `<main>'
app/controllers/users_controller.rb:3:in `<main>'
Started GET "/" for ::1 at 2021-10-15 01:46:09 +0300
  
NoMethodError (undefined method `devise_controller?' for ApplicationController:Class):
  
app/controllers/application_controller.rb:5:in `<class:ApplicationController>'
app/controllers/application_controller.rb:3:in `<main>'
app/controllers/users_controller.rb:3:in `<main>'
Started GET "/" for ::1 at 2021-10-15 01:46:41 +0300
  
NoMethodError (undefined method `before_filter' for ApplicationController:Class
Did you mean?  before_action):
  
app/controllers/application_controller.rb:5:in `<class:ApplicationController>'
app/controllers/application_controller.rb:3:in `<main>'
app/controllers/users_controller.rb:3:in `<main>'
Started GET "/" for ::1 at 2021-10-15 01:47:37 +0300
Processing by UsersController#index as HTML
Completed 401 Unauthorized in 541ms (ActiveRecord: 0.0ms | Allocations: 2397)


Started GET "/users/sign_in" for ::1 at 2021-10-15 01:48:02 +0300
Processing by Devise::SessionsController#new as HTML
  Rendering layout layouts/application.html.erb
  Rendering devise/sessions/new.html.erb within layouts/application
  Rendered devise/shared/_links.html.erb (Duration: 47.7ms | Allocations: 608)
  Rendered devise/sessions/new.html.erb within layouts/application (Duration: 439.1ms | Allocations: 3287)
[Webpacker] Compiling...
[Webpacker] Compiled all packs in /home/oksana/f2akebook-rails/public/packs
[Webpacker] Hash: 04787b5496fd0b875eed
Version: webpack 4.46.0
Time: 53643ms
Built at: 10/15/2021 1:52:53 AM
                                     Asset       Size       Chunks                         Chunk Names
    js/application-6568bbc983858ec9d548.js    664 KiB  application  [emitted] [immutable]  application
js/application-6568bbc983858ec9d548.js.map    777 KiB  application  [emitted] [dev]        application
                             manifest.json  364 bytes               [emitted]              
Entrypoint application = js/application-6568bbc983858ec9d548.js js/application-6568bbc983858ec9d548.js.map
[./app/javascript/channels sync recursive _channel\.js$] ./app/javascript/channels sync _channel\.js$ 160 bytes {application} [built]
[./app/javascript/channels/index.js] 211 bytes {application} [built]
[./app/javascript/packs/application.js] 505 bytes {application} [built]
[./node_modules/webpack/buildin/global.js] (webpack)/buildin/global.js 905 bytes {application} [built]
[./node_modules/webpack/buildin/module.js] (webpack)/buildin/module.js 552 bytes {application} [built]
    + 6 hidden modules

  Rendered layout layouts/application.html.erb (Duration: 300467.3ms | Allocations: 84117)
Completed 200 OK in 301594ms (Views: 300769.4ms | ActiveRecord: 665.0ms | Allocations: 92242)


Started GET "/users/sign_up" for ::1 at 2021-10-15 01:54:09 +0300
Started GET "/users/sign_up" for ::1 at 2021-10-15 01:54:09 +0300
Processing by Devise::RegistrationsController#new as HTML
Processing by Devise::RegistrationsController#new as HTML
  Rendering layout layouts/application.html.erb
  Rendering layout layouts/application.html.erb
  Rendering devise/registrations/new.html.erb within layouts/application
  Rendering devise/registrations/new.html.erb within layouts/application
  Rendered devise/shared/_error_messages.html.erb (Duration: 56.7ms | Allocations: 243)
  Rendered devise/shared/_error_messages.html.erb (Duration: 56.8ms | Allocations: 269)
  Rendered devise/shared/_links.html.erb (Duration: 0.6ms | Allocations: 137)
  Rendered devise/registrations/new.html.erb within layouts/application (Duration: 558.2ms | Allocations: 2885)
  Rendered devise/shared/_links.html.erb (Duration: 0.3ms | Allocations: 101)
  Rendered devise/registrations/new.html.erb within layouts/application (Duration: 558.9ms | Allocations: 3072)
[Webpacker] Everything's up-to-date. Nothing to do
[Webpacker] Everything's up-to-date. Nothing to do
  Rendered layout layouts/application.html.erb (Duration: 1773.3ms | Allocations: 15076)
Completed 200 OK in 2055ms (Views: 2052.8ms | ActiveRecord: 0.0ms | Allocations: 16619)


  Rendered layout layouts/application.html.erb (Duration: 1774.0ms | Allocations: 15249)
Completed 200 OK in 2077ms (Views: 2057.9ms | ActiveRecord: 0.0ms | Allocations: 17605)


